[0804/092923:ERROR:gpu_info_collector_win.cc(102)] Can't retrieve a valid WinSAT assessment.
[0804/092934:ERROR:renderer_main.cc(226)] Running without renderer sandbox
[0804/092934:ERROR:renderer_main.cc(226)] Running without renderer sandbox
[0804/092934:ERROR:renderer_main.cc(226)] Running without renderer sandbox
[0804/092935:ERROR:renderer_main.cc(226)] Running without renderer sandbox
[0804/092935:INFO:dhcp_proxy_script_adapter_fetcher_win.cc(264)] Error fetching PAC URL from DHCP: 2
[0804/092935:INFO:dhcp_proxy_script_adapter_fetcher_win.cc(264)] Error fetching PAC URL from DHCP: 2
[0804/092935:INFO:dhcp_proxy_script_adapter_fetcher_win.cc(264)] Error fetching PAC URL from DHCP: 2
[0804/092937:INFO:CONSOLE(0)] "event.returnValue is deprecated. Please use the standard event.preventDefault() instead.", source:  (0)
[0804/092937:INFO:CONSOLE(0)] "event.returnValue is deprecated. Please use the standard event.preventDefault() instead.", source:  (0)
[0804/092944:INFO:dhcp_proxy_script_adapter_fetcher_win.cc(264)] Error fetching PAC URL from DHCP: 2
[0804/092944:INFO:dhcp_proxy_script_adapter_fetcher_win.cc(264)] Error fetching PAC URL from DHCP: 2
[0804/092944:INFO:dhcp_proxy_script_adapter_fetcher_win.cc(264)] Error fetching PAC URL from DHCP: 2
[0804/092951:ERROR:ipc_channel_win.cc(132)] pipe error: 109
[0805/084232:ERROR:gpu_info_collector_win.cc(102)] Can't retrieve a valid WinSAT assessment.
[0805/084249:ERROR:renderer_main.cc(226)] Running without renderer sandbox
[0805/084253:ERROR:renderer_main.cc(226)] Running without renderer sandbox
[0805/084253:ERROR:renderer_main.cc(226)] Running without renderer sandbox
[0805/084253:ERROR:renderer_main.cc(226)] Running without renderer sandbox
[0805/084258:INFO:dhcp_proxy_script_adapter_fetcher_win.cc(264)] Error fetching PAC URL from DHCP: 2
[0805/084258:INFO:dhcp_proxy_script_adapter_fetcher_win.cc(264)] Error fetching PAC URL from DHCP: 2
[0805/084258:INFO:dhcp_proxy_script_adapter_fetcher_win.cc(264)] Error fetching PAC URL from DHCP: 2
[0805/084301:INFO:CONSOLE(0)] "event.returnValue is deprecated. Please use the standard event.preventDefault() instead.", source:  (0)
[0805/084302:INFO:CONSOLE(0)] "event.returnValue is deprecated. Please use the standard event.preventDefault() instead.", source:  (0)
[0805/084307:INFO:dhcp_proxy_script_adapter_fetcher_win.cc(264)] Error fetching PAC URL from DHCP: 2
[0805/084307:INFO:dhcp_proxy_script_adapter_fetcher_win.cc(264)] Error fetching PAC URL from DHCP: 2
[0805/084307:INFO:dhcp_proxy_script_adapter_fetcher_win.cc(264)] Error fetching PAC URL from DHCP: 2
[0805/084401:INFO:dhcp_proxy_script_adapter_fetcher_win.cc(264)] Error fetching PAC URL from DHCP: 2
[0805/084401:INFO:dhcp_proxy_script_adapter_fetcher_win.cc(264)] Error fetching PAC URL from DHCP: 2
[0805/084401:INFO:dhcp_proxy_script_adapter_fetcher_win.cc(264)] Error fetching PAC URL from DHCP: 2
[0805/084405:INFO:CONSOLE(0)] "Uncaught TypeError: Cannot read property 'nodeType' of undefined,4", source: about:docKey-298 (0)
[0805/084405:INFO:CONSOLE(4)] "Uncaught TypeError: Cannot read property 'nodeType' of undefined", source: http://127.0.0.1:54321/_DRIVE_C_EVIRD_/Users/heine/Documents/NetBeansProjects/Plantilla_Transferencia-EDGE/public_html/compositions/popup_creditos/edge_includes/jquery-2.0.3.min.js (4)
[0805/084409:ERROR:ipc_channel_win.cc(132)] pipe error: 109
[0805/084410:ERROR:ipc_channel_win.cc(132)] pipe error: 109
